<?xml version="1.0" encoding="UTF-8" ?>
<testsuite tests="1" failures="1" name="src.services.ClientServiceTest" time="0.031" errors="0" skipped="0">
  <properties>
[...]
</properties>
  <testcase classname="src.services.ClientServiceTest" name="src.services.ClientServiceTest.testGetClient" time="0.031">
    <failure message="expected: &lt;2&gt; but was: &lt;1&gt;" type="org.opentest4j.AssertionFailedError">org.opentest4j.AssertionFailedError: expected: &lt;2&gt; but was: &lt;1&gt;
	at org.junit.jupiter.api.AssertionUtils.fail(AssertionUtils.java:55)
	at org.junit.jupiter.api.AssertionUtils.failNotEqual(AssertionUtils.java:62)
	at org.junit.jupiter.api.AssertEquals.assertEquals(AssertEquals.java:182)
	at org.junit.jupiter.api.AssertEquals.assertEquals(AssertEquals.java:177)
	at org.junit.jupiter.api.Assertions.assertEquals(Assertions.java:541)
	at src.services.ClientServiceTest.testGetClient(ClientServiceTest.java:16)
</failure>
  </testcase>
</testsuite>